Flow report for SCA
Mon Jun 26 11:31:18 2017
Quartus II 64-Bit Version 13.0.1 Build 232 06/12/2013 Service Pack 1 SJ Web Edition


---------------------
; Table of Contents ;
---------------------
  1. Legal Notice
  2. Flow Summary
  3. Flow Settings
  4. Flow Non-Default Global Settings
  5. Flow Elapsed Time
  6. Flow OS Summary
  7. Flow Log
  8. Flow Messages
  9. Flow Suppressed Messages



----------------
; Legal Notice ;
----------------
Copyright (C) 1991-2013 Altera Corporation
Your use of Altera Corporation's design tools, logic functions 
and other software and tools, and its AMPP partner logic 
functions, and any output files from any of the foregoing 
(including device programming or simulation files), and any 
associated documentation or information are expressly subject 
to the terms and conditions of the Altera Program License 
Subscription Agreement, Altera MegaCore Function License 
Agreement, or other applicable license agreement, including, 
without limitation, that your use is for the sole purpose of 
programming logic devices manufactured by Altera and sold by 
Altera or its authorized distributors.  Please refer to the 
applicable agreement for further details.



+--------------------------------------------------------------------------------------+
; Flow Summary                                                                         ;
+------------------------------------+-------------------------------------------------+
; Flow Status                        ; Successful - Mon Jun 26 11:31:18 2017           ;
; Quartus II 64-Bit Version          ; 13.0.1 Build 232 06/12/2013 SP 1 SJ Web Edition ;
; Revision Name                      ; SCA                                             ;
; Top-level Entity Name              ; top_SCA_DE0                                     ;
; Family                             ; Cyclone III                                     ;
; Device                             ; EP3C16F484C6                                    ;
; Timing Models                      ; Final                                           ;
; Total logic elements               ; 3,490 / 15,408 ( 23 % )                         ;
;     Total combinational functions  ; 2,795 / 15,408 ( 18 % )                         ;
;     Dedicated logic registers      ; 1,352 / 15,408 ( 9 % )                          ;
; Total registers                    ; 1352                                            ;
; Total pins                         ; 56 / 347 ( 16 % )                               ;
; Total virtual pins                 ; 0                                               ;
; Total memory bits                  ; 262,144 / 516,096 ( 51 % )                      ;
; Embedded Multiplier 9-bit elements ; 6 / 112 ( 5 % )                                 ;
; Total PLLs                         ; 0 / 4 ( 0 % )                                   ;
+------------------------------------+-------------------------------------------------+


+-----------------------------------------+
; Flow Settings                           ;
+-------------------+---------------------+
; Option            ; Setting             ;
+-------------------+---------------------+
; Start date & time ; 06/26/2017 11:30:03 ;
; Main task         ; Compilation         ;
; Revision Name     ; SCA                 ;
+-------------------+---------------------+


+----------------------------------------------------------------------------------------------------------------------------+
; Flow Non-Default Global Settings                                                                                           ;
+-------------------------------------+---------------------------------------+---------------+-------------+----------------+
; Assignment Name                     ; Value                                 ; Default Value ; Entity Name ; Section Id     ;
+-------------------------------------+---------------------------------------+---------------+-------------+----------------+
; COMPILER_SIGNATURE_ID               ; 168122004251235.149846940302946       ; --            ; --          ; --             ;
; EDA_GENERATE_FUNCTIONAL_NETLIST     ; On                                    ; --            ; --          ; eda_simulation ;
; EDA_OUTPUT_DATA_FORMAT              ; Verilog Hdl                           ; --            ; --          ; eda_simulation ;
; EDA_SIMULATION_TOOL                 ; ModelSim-Altera (Verilog)             ; <None>        ; --          ; --             ;
; IP_TOOL_NAME                        ; RAM: 1-PORT                           ; --            ; --          ; --             ;
; IP_TOOL_VERSION                     ; 13.0                                  ; --            ; --          ; --             ;
; MAX_CORE_JUNCTION_TEMP              ; 85                                    ; --            ; --          ; --             ;
; MIN_CORE_JUNCTION_TEMP              ; 0                                     ; --            ; --          ; --             ;
; MISC_FILE                           ; single_port_ram_mega_function.cmp     ; --            ; --          ; --             ;
; PARTITION_COLOR                     ; 16764057                              ; --            ; top_SCA_DE0 ; Top            ;
; PARTITION_FITTER_PRESERVATION_LEVEL ; PLACEMENT_AND_ROUTING                 ; --            ; top_SCA_DE0 ; Top            ;
; PARTITION_NETLIST_TYPE              ; SOURCE                                ; --            ; top_SCA_DE0 ; Top            ;
; POWER_BOARD_THERMAL_MODEL           ; None (CONSERVATIVE)                   ; --            ; --          ; --             ;
; POWER_PRESET_COOLING_SOLUTION       ; 23 MM HEAT SINK WITH 200 LFPM AIRFLOW ; --            ; --          ; --             ;
; PROJECT_OUTPUT_DIRECTORY            ; output_files                          ; --            ; --          ; --             ;
; TOP_LEVEL_ENTITY                    ; top_SCA_DE0                           ; SCA           ; --          ; --             ;
+-------------------------------------+---------------------------------------+---------------+-------------+----------------+


+-------------------------------------------------------------------------------------------------------------------------------+
; Flow Elapsed Time                                                                                                             ;
+---------------------------+--------------+-------------------------+---------------------+------------------------------------+
; Module Name               ; Elapsed Time ; Average Processors Used ; Peak Virtual Memory ; Total CPU Time (on all processors) ;
+---------------------------+--------------+-------------------------+---------------------+------------------------------------+
; Analysis & Synthesis      ; 00:00:06     ; 1.0                     ; 681 MB              ; 00:00:06                           ;
; Fitter                    ; 00:00:49     ; 1.0                     ; 806 MB              ; 00:00:49                           ;
; Assembler                 ; 00:00:02     ; 1.0                     ; 554 MB              ; 00:00:01                           ;
; TimeQuest Timing Analyzer ; 00:00:10     ; 1.0                     ; 669 MB              ; 00:00:10                           ;
; EDA Netlist Writer        ; 00:00:01     ; 1.0                     ; 821 MB              ; 00:00:01                           ;
; Total                     ; 00:01:08     ; --                      ; --                  ; 00:01:07                           ;
+---------------------------+--------------+-------------------------+---------------------+------------------------------------+


+-------------------------------------------------------------------------------------------------+
; Flow OS Summary                                                                                 ;
+---------------------------+------------------+----------------+----------------+----------------+
; Module Name               ; Machine Hostname ; OS Name        ; OS Version     ; Processor type ;
+---------------------------+------------------+----------------+----------------+----------------+
; Analysis & Synthesis      ; kali             ; Kali GNU/Linux ; Kali GNU/Linux ; x86_64         ;
; Fitter                    ; kali             ; Kali GNU/Linux ; Kali GNU/Linux ; x86_64         ;
; Assembler                 ; kali             ; Kali GNU/Linux ; Kali GNU/Linux ; x86_64         ;
; TimeQuest Timing Analyzer ; kali             ; Kali GNU/Linux ; Kali GNU/Linux ; x86_64         ;
; EDA Netlist Writer        ; kali             ; Kali GNU/Linux ; Kali GNU/Linux ; x86_64         ;
+---------------------------+------------------+----------------+----------------+----------------+


------------
; Flow Log ;
------------
quartus_map --read_settings_files=on --write_settings_files=off SmallComputerArchitecture -c SCA
quartus_fit --read_settings_files=off --write_settings_files=off SmallComputerArchitecture -c SCA
quartus_asm --read_settings_files=off --write_settings_files=off SmallComputerArchitecture -c SCA
quartus_sta SmallComputerArchitecture -c SCA
quartus_eda --read_settings_files=off --write_settings_files=off SmallComputerArchitecture -c SCA



